2025-07-10 19:44:29 - ERROR - ❌ Unknown option: --patallel-hash
Usage: bids2datalad.sh [-h] [-s src_dir] [-d dest_dir] [--skip_bids_validation] [--dry-run] [--backup] [--parallel-hash]

Options:
  -h                       Show this help message
  -s src_dir               Source directory containing BIDS data
  -d dest_dir              Destination directory for DataLad datasets
  --skip_bids_validation   Skip BIDS validation
  --dry-run                Show what would be done without executing
  --backup                 Create backup of destination before overwriting
  --parallel-hash          Use parallel processing for hash calculation

Example:
  bids2datalad.sh -s /path/to/bids_data -d /path/to/destination
  bids2datalad.sh --dry-run -s /path/to/bids_data -d /path/to/destination
  bids2datalad.sh --backup --skip_bids_validation -s /path/to/bids_data -d /path/to/destination
2025-07-10 19:44:41 - INFO - Destination directory does not exist. Creating it.
[1;34m
------------------------------------------------
                   MRI - LAB GRAZ
------------------------------------------------
[0m
                        Date: 2025-07-10
                        Time: 19:44:42
---------------------------------------------------
2025-07-10 19:44:42 - INFO - ✅ All required dependencies are available.
2025-07-10 19:44:42 - INFO - 🧪 DRY RUN MODE ENABLED - No actual changes will be made
2025-07-10 19:44:42 - INFO - 🚀 Running BIDS Validator...
2025-07-10 19:44:45 - ERROR - ❌ BIDS validation failed!
	[ERROR] NOT_INCLUDED Files with such naming scheme are not part of BIDS specification. This error is most commonly caused by typos in file names that make them not BIDS compatible. Please consult the specification and make sure your files are named correctly. If this is not a file naming issue (for example when including files not yet covered by the BIDS specification) you should include a ".bidsignore" file in your dataset (see https://github.com/bids-standard/bids-validator#bidsignore for details). Please note that derived (processed) data should be placed in /derivatives folder and source data (such as DICOMS or behavioural logs in proprietary formats) should be placed in the /sourcedata folder.
		/datalad/lib/python3.12/site-packages/nibabel/nicom/tests/data/philips_mprage.dcm.gz
		/datalad/lib/python3.12/site-packages/nibabel/nicom/tests/data/siemens_dwi_1000.dcm.gz
		/datalad/lib/python3.12/site-packages/nibabel/nicom/tests/data/siemens_dwi_0.dcm.gz
		/datalad/lib/python3.12/site-packages/nibabel/nicom/tests/data/csa2_zero_len.bin.gz
		/datalad/lib/python3.12/site-packages/nibabel/tests/data/example4d.nii.gz
		/datalad/lib/python3.12/site-packages/nibabel/tests/data/standard.nii.gz
		/datalad/lib/python3.12/site-packages/nibabel/tests/data/example_nifti2.nii.gz
		/datalad/lib/python3.12/site-packages/nibabel/tests/data/example4d+orig.BRIK.gz
		/datalad/lib/python3.12/site-packages/nibabel/gifti/tests/data/external.gii.gz
		/datalad/lib/python3.12/site-packages/nibabel/gifti/tests/data/external.gii.bz2

	Please visit https://neurostars.org/search?q=NOT_INCLUDED for existing conversations about this issue.


          Summary:                         Available Tasks:        Available Modalities:
          29 Files, 251 MB                                         MRI                  
          1 - Subjects 1 - Sessions                                                     

	If you have any questions, please post on https://neurostars.org/tags/bids.
2025-07-10 19:44:45 - ERROR - ❌ BIDS validation failed. Exiting script.
[1;34m
------------------------------------------------
                   MRI - LAB GRAZ
------------------------------------------------
[0m
                        Date: 2025-07-10
                        Time: 19:46:16
---------------------------------------------------
2025-07-10 19:46:16 - INFO - ✅ All required dependencies are available.
2025-07-10 19:46:16 - INFO - 🧪 DRY RUN MODE ENABLED - No actual changes will be made
2025-07-10 19:46:16 - INFO - 🚀 Running BIDS Validator...
2025-07-10 19:46:19 - INFO - ✅ BIDS validation completed successfully!
This dataset appears to be BIDS compatible.

          Summary:                         Available Tasks:        Available Modalities:
          19 Files, 250 MB                                         MRI                  
          1 - Subjects 1 - Sessions                                                     

	If you have any questions, please post on https://neurostars.org/tags/bids.
2025-07-10 19:46:19 - INFO - 📂 Creating DataLad superdataset in /Users/karlkoschutnig/work/datalad/test/rawdata...
bids2datalad.sh: Zeile 444: safe_datalad: Kommando nicht gefunden.
2025-07-10 19:46:19 - ERROR - ❌ Failed to create DataLad superdataset. Exiting script.
