2025-07-17 12:49:18 - INFO - Destination directory does not exist. Creating it.
[1;34m
------------------------------------------------
                   MRI - LAB GRAZ
------------------------------------------------
[0m
                        Date: 2025-07-17
                        Time: 12:49:18
---------------------------------------------------
2025-07-17 12:49:18 - INFO - ✅ All required dependencies are available.
2025-07-17 12:49:18 - INFO - 🚀 Running BIDS Validator...
2025-07-17 12:49:20 - ERROR - ❌ BIDS validation failed!
	[ERROR] PARTICIPANT_ID_MISMATCH Participant labels found in this dataset did not match the values in participant_id column
found in the participants.tsv file.

		/participants.tsv - rules.checks.dataset.ParticipantIDMismatch

	Please visit https://neurostars.org/search?q=PARTICIPANT_ID_MISMATCH for existing conversations about this issue.


          Summary:                         Available Tasks:        Available Modalities:
          49 Files, 5.17 GB                symbol                  MRI                  
          3 - Subjects 1 - Sessions        nonsymbol                                    

	If you have any questions, please post on https://neurostars.org/tags/bids.
2025-07-17 12:49:20 - ERROR - ❌ BIDS validation failed. Exiting script.
